# JRE version: OpenJDK Runtime Environment (17.0.6) (build 17.0.6+0-b2043.56-9586694)
# Java VM: OpenJDK 64-Bit Server VM (17.0.6+0-b2043.56-9586694, mixed mode, tiered, compressed oops, compressed class ptrs, g1 gc, windows-amd64)
GC Precious Log:
 CPUs: 4 total, 4 available
 Memory: 16266M
 Large Page Support: Disabled
 NUMA Support: Disabled
 Compressed Oops: Enabled (32-bit)
 Heap Region Size: 1M
 Heap Min Capacity: 8M
 Heap Initial Capacity: 256M
 Heap Max Capacity: 2G
 Pre-touch: Disabled
 Parallel Workers: 4
 Concurrent Workers: 1
 Concurrent Refinement Workers: 4
 Periodic GC: Disabled
Heap:
 garbage-first heap   total 181248K, used 128691K [0x0000000080000000, 0x0000000100000000)
  region size 1024K, 36 young (36864K), 4 survivors (4096K)
 Metaspace       used 103637K, committed 104320K, reserved 1138688K
  class space    used 14033K, committed 14400K, reserved 1048576K
GC Heap History (20 events):
Event: 13.433 GC heap before
{Heap before GC invocations=27 (full 0):
 garbage-first heap   total 99328K, used 58100K [0x0000000080000000, 0x0000000100000000)
  region size 1024K, 4 young (4096K), 1 survivors (1024K)
 Metaspace       used 62481K, committed 62912K, reserved 1105920K
  class space    used 8243K, committed 8448K, reserved 1048576K
}
Event: 13.437 GC heap after
{Heap after GC invocations=28 (full 0):
 garbage-first heap   total 99328K, used 55753K [0x0000000080000000, 0x0000000100000000)
  region size 1024K, 1 young (1024K), 1 survivors (1024K)
 Metaspace       used 62481K, committed 62912K, reserved 1105920K
  class space    used 8243K, committed 8448K, reserved 1048576K
}
Event: 14.022 GC heap before
{Heap before GC invocations=28 (full 0):
 garbage-first heap   total 99328K, used 76233K [0x0000000080000000, 0x0000000100000000)
  region size 1024K, 21 young (21504K), 1 survivors (1024K)
 Metaspace       used 65750K, committed 66240K, reserved 1114112K
  class space    used 8651K, committed 8896K, reserved 1048576K
}
Event: 14.026 GC heap after
{Heap after GC invocations=29 (full 0):
 garbage-first heap   total 181248K, used 56388K [0x0000000080000000, 0x0000000100000000)
  region size 1024K, 2 young (2048K), 2 survivors (2048K)
 Metaspace       used 65750K, committed 66240K, reserved 1114112K
  class space    used 8651K, committed 8896K, reserved 1048576K
}
Event: 19.070 GC heap before
{Heap before GC invocations=30 (full 0):
 garbage-first heap   total 181248K, used 130116K [0x0000000080000000, 0x0000000100000000)
  region size 1024K, 68 young (69632K), 2 survivors (2048K)
 Metaspace       used 72180K, committed 72704K, reserved 1114112K
  class space    used 9514K, committed 9792K, reserved 1048576K
}
Event: 19.086 GC heap after
{Heap after GC invocations=31 (full 0):
 garbage-first heap   total 181248K, used 62647K [0x0000000080000000, 0x0000000100000000)
  region size 1024K, 8 young (8192K), 8 survivors (8192K)
 Metaspace       used 72180K, committed 72704K, reserved 1114112K
  class space    used 9514K, committed 9792K, reserved 1048576K
}
Event: 19.107 GC heap before
{Heap before GC invocations=31 (full 0):
 garbage-first heap   total 181248K, used 63671K [0x0000000080000000, 0x0000000100000000)
  region size 1024K, 9 young (9216K), 8 survivors (8192K)
 Metaspace       used 72331K, committed 72896K, reserved 1114112K
  class space    used 9522K, committed 9792K, reserved 1048576K
}
Event: 19.115 GC heap after
{Heap after GC invocations=32 (full 0):
 garbage-first heap   total 181248K, used 63194K [0x0000000080000000, 0x0000000100000000)
  region size 1024K, 1 young (1024K), 1 survivors (1024K)
 Metaspace       used 72331K, committed 72896K, reserved 1114112K
  class space    used 9522K, committed 9792K, reserved 1048576K
}
Event: 20.357 GC heap before
{Heap before GC invocations=32 (full 0):
 garbage-first heap   total 181248K, used 130778K [0x0000000080000000, 0x0000000100000000)
  region size 1024K, 67 young (68608K), 1 survivors (1024K)
 Metaspace       used 76679K, committed 77248K, reserved 1122304K
  class space    used 10103K, committed 10368K, reserved 1048576K
}
Event: 20.363 GC heap after
{Heap after GC invocations=33 (full 0):
 garbage-first heap   total 181248K, used 66792K [0x0000000080000000, 0x0000000100000000)
  region size 1024K, 5 young (5120K), 5 survivors (5120K)
 Metaspace       used 76679K, committed 77248K, reserved 1122304K
  class space    used 10103K, committed 10368K, reserved 1048576K
}
Event: 21.898 GC heap before
{Heap before GC invocations=33 (full 0):
 garbage-first heap   total 181248K, used 135400K [0x0000000080000000, 0x0000000100000000)
  region size 1024K, 72 young (73728K), 5 survivors (5120K)
 Metaspace       used 84207K, committed 84800K, reserved 1122304K
  class space    used 11377K, committed 11648K, reserved 1048576K
}
Event: 21.913 GC heap after
{Heap after GC invocations=34 (full 0):
 garbage-first heap   total 181248K, used 71244K [0x0000000080000000, 0x0000000100000000)
  region size 1024K, 9 young (9216K), 9 survivors (9216K)
 Metaspace       used 84207K, committed 84800K, reserved 1122304K
  class space    used 11377K, committed 11648K, reserved 1048576K
}
Event: 23.581 GC heap before
{Heap before GC invocations=34 (full 0):
 garbage-first heap   total 181248K, used 138828K [0x0000000080000000, 0x0000000100000000)
  region size 1024K, 75 young (76800K), 9 survivors (9216K)
 Metaspace       used 91677K, committed 92224K, reserved 1130496K
  class space    used 12413K, committed 12672K, reserved 1048576K
}
Event: 23.597 GC heap after
{Heap after GC invocations=35 (full 0):
 garbage-first heap   total 181248K, used 76218K [0x0000000080000000, 0x0000000100000000)
  region size 1024K, 10 young (10240K), 10 survivors (10240K)
 Metaspace       used 91677K, committed 92224K, reserved 1130496K
  class space    used 12413K, committed 12672K, reserved 1048576K
}
Event: 25.223 GC heap before
{Heap before GC invocations=35 (full 0):
 garbage-first heap   total 181248K, used 141754K [0x0000000080000000, 0x0000000100000000)
  region size 1024K, 74 young (75776K), 10 survivors (10240K)
 Metaspace       used 97083K, committed 97728K, reserved 1138688K
  class space    used 13165K, committed 13440K, reserved 1048576K
}
Event: 25.239 GC heap after
{Heap after GC invocations=36 (full 0):
 garbage-first heap   total 181248K, used 82944K [0x0000000080000000, 0x0000000100000000)
  region size 1024K, 10 young (10240K), 10 survivors (10240K)
 Metaspace       used 97083K, committed 97728K, reserved 1138688K
  class space    used 13165K, committed 13440K, reserved 1048576K
}
Event: 26.591 GC heap before
{Heap before GC invocations=36 (full 0):
 garbage-first heap   total 181248K, used 143360K [0x0000000080000000, 0x0000000100000000)
  region size 1024K, 69 young (70656K), 10 survivors (10240K)
 Metaspace       used 99363K, committed 99904K, reserved 1138688K
  class space    used 13575K, committed 13824K, reserved 1048576K
}
Event: 26.617 GC heap after
{Heap after GC invocations=37 (full 0):
 garbage-first heap   total 181248K, used 91649K [0x0000000080000000, 0x0000000100000000)
  region size 1024K, 8 young (8192K), 8 survivors (8192K)
 Metaspace       used 99363K, committed 99904K, reserved 1138688K
  class space    used 13575K, committed 13824K, reserved 1048576K
}
Event: 27.893 GC heap before
{Heap before GC invocations=37 (full 0):
 garbage-first heap   total 181248K, used 144897K [0x0000000080000000, 0x0000000100000000)
  region size 1024K, 59 young (60416K), 8 survivors (8192K)
 Metaspace       used 101372K, committed 102016K, reserved 1138688K
  class space    used 13751K, committed 14016K, reserved 1048576K
}
Event: 27.909 GC heap after
{Heap after GC invocations=38 (full 0):
 garbage-first heap   total 181248K, used 97971K [0x0000000080000000, 0x0000000100000000)
  region size 1024K, 4 young (4096K), 4 survivors (4096K)
 Metaspace       used 101372K, committed 102016K, reserved 1138688K
  class space    used 13751K, committed 14016K, reserved 1048576K
}

