# JRE version: OpenJDK Runtime Environment (17.0.6) (build 17.0.6+0-b2043.56-9586694)
# Java VM: OpenJDK 64-Bit Server VM (17.0.6+0-b2043.56-9586694, mixed mode, tiered, compressed oops, compressed class ptrs, g1 gc, windows-amd64)
GC Precious Log:
 CPUs: 4 total, 4 available
 Memory: 16266M
 Large Page Support: Disabled
 NUMA Support: Disabled
 Compressed Oops: Enabled (32-bit)
 Heap Region Size: 1M
 Heap Min Capacity: 8M
 Heap Initial Capacity: 256M
 Heap Max Capacity: 2G
 Pre-touch: Disabled
 Parallel Workers: 4
 Concurrent Workers: 1
 Concurrent Refinement Workers: 4
 Periodic GC: Disabled
Heap:
 garbage-first heap   total 411648K, used 279510K [0x0000000080000000, 0x0000000100000000)
  region size 1024K, 71 young (72704K), 2 survivors (2048K)
 Metaspace       used 123125K, committed 123968K, reserved 1163264K
  class space    used 16388K, committed 16768K, reserved 1048576K
GC Heap History (20 events):
Event: 36.605 GC heap before
{Heap before GC invocations=46 (full 0):
 garbage-first heap   total 239616K, used 203264K [0x0000000080000000, 0x0000000100000000)
  region size 1024K, 12 young (12288K), 3 survivors (3072K)
 Metaspace       used 114707K, committed 115456K, reserved 1155072K
  class space    used 15316K, committed 15680K, reserved 1048576K
}
Event: 36.621 GC heap after
{Heap after GC invocations=47 (full 0):
 garbage-first heap   total 239616K, used 199600K [0x0000000080000000, 0x0000000100000000)
  region size 1024K, 2 young (2048K), 2 survivors (2048K)
 Metaspace       used 114707K, committed 115456K, reserved 1155072K
  class space    used 15316K, committed 15680K, reserved 1048576K
}
Event: 36.687 GC heap before
{Heap before GC invocations=47 (full 0):
 garbage-first heap   total 239616K, used 208816K [0x0000000080000000, 0x0000000100000000)
  region size 1024K, 11 young (11264K), 2 survivors (2048K)
 Metaspace       used 114709K, committed 115456K, reserved 1155072K
  class space    used 15316K, committed 15680K, reserved 1048576K
}
Event: 36.704 GC heap after
{Heap after GC invocations=48 (full 0):
 garbage-first heap   total 354304K, used 204434K [0x0000000080000000, 0x0000000100000000)
  region size 1024K, 2 young (2048K), 2 survivors (2048K)
 Metaspace       used 114709K, committed 115456K, reserved 1155072K
  class space    used 15316K, committed 15680K, reserved 1048576K
}
Event: 37.870 GC heap before
{Heap before GC invocations=48 (full 0):
 garbage-first heap   total 354304K, used 256658K [0x0000000080000000, 0x0000000100000000)
  region size 1024K, 54 young (55296K), 2 survivors (2048K)
 Metaspace       used 116416K, committed 117184K, reserved 1155072K
  class space    used 15557K, committed 15936K, reserved 1048576K
}
Event: 37.898 GC heap after
{Heap after GC invocations=49 (full 0):
 garbage-first heap   total 354304K, used 228340K [0x0000000080000000, 0x0000000100000000)
  region size 1024K, 7 young (7168K), 7 survivors (7168K)
 Metaspace       used 116416K, committed 117184K, reserved 1155072K
  class space    used 15557K, committed 15936K, reserved 1048576K
}
Event: 38.905 GC heap before
{Heap before GC invocations=49 (full 0):
 garbage-first heap   total 354304K, used 269300K [0x0000000080000000, 0x0000000100000000)
  region size 1024K, 48 young (49152K), 7 survivors (7168K)
 Metaspace       used 118494K, committed 119296K, reserved 1155072K
  class space    used 15858K, committed 16256K, reserved 1048576K
}
Event: 38.926 GC heap after
{Heap after GC invocations=50 (full 0):
 garbage-first heap   total 354304K, used 233331K [0x0000000080000000, 0x0000000100000000)
  region size 1024K, 4 young (4096K), 4 survivors (4096K)
 Metaspace       used 118494K, committed 119296K, reserved 1155072K
  class space    used 15858K, committed 16256K, reserved 1048576K
}
Event: 38.965 GC heap before
{Heap before GC invocations=50 (full 0):
 garbage-first heap   total 354304K, used 237427K [0x0000000080000000, 0x0000000100000000)
  region size 1024K, 9 young (9216K), 4 survivors (4096K)
 Metaspace       used 118505K, committed 119296K, reserved 1155072K
  class space    used 15860K, committed 16256K, reserved 1048576K
}
Event: 38.971 GC heap after
{Heap after GC invocations=51 (full 0):
 garbage-first heap   total 354304K, used 234904K [0x0000000080000000, 0x0000000100000000)
  region size 1024K, 2 young (2048K), 2 survivors (2048K)
 Metaspace       used 118505K, committed 119296K, reserved 1155072K
  class space    used 15860K, committed 16256K, reserved 1048576K
}
Event: 40.338 GC heap before
{Heap before GC invocations=52 (full 0):
 garbage-first heap   total 380928K, used 259480K [0x0000000080000000, 0x0000000100000000)
  region size 1024K, 44 young (45056K), 2 survivors (2048K)
 Metaspace       used 118945K, committed 119744K, reserved 1155072K
  class space    used 15920K, committed 16320K, reserved 1048576K
}
Event: 40.353 GC heap after
{Heap after GC invocations=53 (full 0):
 garbage-first heap   total 380928K, used 219904K [0x0000000080000000, 0x0000000100000000)
  region size 1024K, 4 young (4096K), 4 survivors (4096K)
 Metaspace       used 118945K, committed 119744K, reserved 1155072K
  class space    used 15920K, committed 16320K, reserved 1048576K
}
Event: 40.888 GC heap before
{Heap before GC invocations=53 (full 0):
 garbage-first heap   total 380928K, used 237312K [0x0000000080000000, 0x0000000100000000)
  region size 1024K, 18 young (18432K), 4 survivors (4096K)
 Metaspace       used 119055K, committed 119872K, reserved 1155072K
  class space    used 15935K, committed 16320K, reserved 1048576K
}
Event: 40.902 GC heap after
{Heap after GC invocations=54 (full 0):
 garbage-first heap   total 380928K, used 206041K [0x0000000080000000, 0x0000000100000000)
  region size 1024K, 1 young (1024K), 1 survivors (1024K)
 Metaspace       used 119055K, committed 119872K, reserved 1155072K
  class space    used 15935K, committed 16320K, reserved 1048576K
}
Event: 42.774 GC heap before
{Heap before GC invocations=54 (full 0):
 garbage-first heap   total 380928K, used 306393K [0x0000000080000000, 0x0000000100000000)
  region size 1024K, 80 young (81920K), 1 survivors (1024K)
 Metaspace       used 119459K, committed 120256K, reserved 1155072K
  class space    used 15976K, committed 16384K, reserved 1048576K
}
Event: 42.789 GC heap after
{Heap after GC invocations=55 (full 0):
 garbage-first heap   total 380928K, used 232240K [0x0000000080000000, 0x0000000100000000)
  region size 1024K, 8 young (8192K), 8 survivors (8192K)
 Metaspace       used 119459K, committed 120256K, reserved 1155072K
  class space    used 15976K, committed 16384K, reserved 1048576K
}
Event: 47.665 GC heap before
{Heap before GC invocations=56 (full 0):
 garbage-first heap   total 411648K, used 315184K [0x0000000080000000, 0x0000000100000000)
  region size 1024K, 75 young (76800K), 8 survivors (8192K)
 Metaspace       used 120106K, committed 120960K, reserved 1155072K
  class space    used 16045K, committed 16448K, reserved 1048576K
}
Event: 47.671 GC heap after
{Heap after GC invocations=57 (full 0):
 garbage-first heap   total 411648K, used 213098K [0x0000000080000000, 0x0000000100000000)
  region size 1024K, 3 young (3072K), 3 survivors (3072K)
 Metaspace       used 120106K, committed 120960K, reserved 1155072K
  class space    used 16045K, committed 16448K, reserved 1048576K
}
Event: 47.853 GC heap before
{Heap before GC invocations=57 (full 0):
 garbage-first heap   total 411648K, used 229482K [0x0000000080000000, 0x0000000100000000)
  region size 1024K, 20 young (20480K), 3 survivors (3072K)
 Metaspace       used 120411K, committed 121216K, reserved 1155072K
  class space    used 16080K, committed 16448K, reserved 1048576K
}
Event: 47.861 GC heap after
{Heap after GC invocations=58 (full 0):
 garbage-first heap   total 411648K, used 209878K [0x0000000080000000, 0x0000000100000000)
  region size 1024K, 2 young (2048K), 2 survivors (2048K)
 Metaspace       used 120411K, committed 121216K, reserved 1155072K
  class space    used 16080K, committed 16448K, reserved 1048576K
}

